# JRE version: Java(TM) SE Runtime Environment (26.0+35) (build 26+35-2893)
# Java VM: Java HotSpot(TM) 64-Bit Server VM (26+35-2893, mixed mode, sharing, tiered, compressed oops, compressed class ptrs, g1 gc, windows-amd64)
GC Precious Log:
 CardTable entry size: 512
 Card Set container configuration: InlinePtr #cards 4 size 8 Array Of Cards #cards 16 size 48 Howl #buckets 8 coarsen threshold 3686 Howl Bitmap #cards 512 size 80 coarsen threshold 460 Card regions per heap region 1 cards per card region 4096
 CPUs: 8 total, 8 available
 Memory: 16151M
 Large Page Support: Disabled
 NUMA Support: Disabled
 Compressed Oops: Enabled (Zero based)
 Heap Region Size: 2M
 Heap Min Capacity: 8M
 Heap Initial Capacity: 8M
 Heap Max Capacity: 4038M
 Pre-touch: Disabled
 Parallel Workers: 8
 Concurrent Workers: 2
 Concurrent Refinement Workers: 8
 Periodic GC: Disabled
Heap:
 garbage-first heap   total reserved 4134912K, committed 36864K, used 17498K [0x0000000703a00000, 0x0000000800000000)
  region size 2M, 1 eden (2M), 1 survivor (2M), 6 old (12M), 3 humongous (6M), 7 free (14M)
GC Heap Usage History (20 events):
Event: 0.277 {heap Before GC invocations=2 (full 0):
 garbage-first heap   total reserved 4134912K, committed 10240K, used 4335K [0x0000000703a00000, 0x0000000800000000)
  region size 2M, 1 eden (2M), 1 survivor (2M), 1 old (2M), 0 humongous (0M), 2 free (4M)
}
Event: 0.279 {heap After GC invocations=3 (full 0):
 garbage-first heap   total reserved 4134912K, committed 10240K, used 2894K [0x0000000703a00000, 0x0000000800000000)
  region size 2M, 0 eden (0M), 1 survivor (2M), 1 old (2M), 0 humongous (0M), 3 free (6M)
}
Event: 0.353 {heap Before GC invocations=3 (full 0):
 garbage-first heap   total reserved 4134912K, committed 10240K, used 4942K [0x0000000703a00000, 0x0000000800000000)
  region size 2M, 1 eden (2M), 1 survivor (2M), 1 old (2M), 0 humongous (0M), 2 free (4M)
}
Event: 0.356 {heap After GC invocations=4 (full 0):
 garbage-first heap   total reserved 4134912K, committed 26624K, used 3651K [0x0000000703a00000, 0x0000000800000000)
  region size 2M, 0 eden (0M), 1 survivor (2M), 2 old (4M), 0 humongous (0M), 10 free (20M)
}
Event: 0.550 {heap Before GC invocations=4 (full 0):
 garbage-first heap   total reserved 4134912K, committed 26624K, used 13891K [0x0000000703a00000, 0x0000000800000000)
  region size 2M, 5 eden (10M), 1 survivor (2M), 2 old (4M), 0 humongous (0M), 5 free (10M)
}
Event: 0.552 {heap After GC invocations=5 (full 0):
 garbage-first heap   total reserved 4134912K, committed 26624K, used 4235K [0x0000000703a00000, 0x0000000800000000)
  region size 2M, 0 eden (0M), 1 survivor (2M), 2 old (4M), 0 humongous (0M), 10 free (20M)
}
Event: 7.636 {heap Before GC invocations=5 (full 0):
 garbage-first heap   total reserved 4134912K, committed 26624K, used 18571K [0x0000000703a00000, 0x0000000800000000)
  region size 2M, 5 eden (10M), 1 survivor (2M), 2 old (4M), 4 humongous (8M), 1 free (2M)
}
Event: 7.638 {heap After GC invocations=6 (full 0):
 garbage-first heap   total reserved 4134912K, committed 28672K, used 14362K [0x0000000703a00000, 0x0000000800000000)
  region size 2M, 0 eden (0M), 1 survivor (2M), 3 old (6M), 4 humongous (8M), 6 free (12M)
}
Event: 129.535 {heap Before GC invocations=7 (full 0):
 garbage-first heap   total reserved 4134912K, committed 28672K, used 20506K [0x0000000703a00000, 0x0000000800000000)
  region size 2M, 1 eden (2M), 1 survivor (2M), 3 old (6M), 7 humongous (14M), 2 free (4M)
}
Event: 129.536 {heap After GC invocations=8 (full 0):
 garbage-first heap   total reserved 4134912K, committed 28672K, used 21707K [0x0000000703a00000, 0x0000000800000000)
  region size 2M, 0 eden (0M), 1 survivor (2M), 4 old (8M), 7 humongous (14M), 2 free (4M)
}
Event: 140.670 {heap Before GC invocations=8 (full 0):
 garbage-first heap   total reserved 4134912K, committed 28672K, used 23755K [0x0000000703a00000, 0x0000000800000000)
  region size 2M, 1 eden (2M), 1 survivor (2M), 4 old (8M), 7 humongous (14M), 1 free (2M)
}
Event: 140.672 {heap After GC invocations=9 (full 0):
 garbage-first heap   total reserved 4134912K, committed 30720K, used 22599K [0x0000000703a00000, 0x0000000800000000)
  region size 2M, 0 eden (0M), 1 survivor (2M), 4 old (8M), 7 humongous (14M), 3 free (6M)
}
Event: 140.694 {heap Before GC invocations=9 (full 0):
 garbage-first heap   total reserved 4134912K, committed 30720K, used 24647K [0x0000000703a00000, 0x0000000800000000)
  region size 2M, 1 eden (2M), 1 survivor (2M), 4 old (8M), 7 humongous (14M), 2 free (4M)
}
Event: 140.696 {heap After GC invocations=10 (full 0):
 garbage-first heap   total reserved 4134912K, committed 30720K, used 24554K [0x0000000703a00000, 0x0000000800000000)
  region size 2M, 0 eden (0M), 1 survivor (2M), 5 old (10M), 7 humongous (14M), 2 free (4M)
}
Event: 339.309 {heap Before GC invocations=11 (full 0):
 garbage-first heap   total reserved 4134912K, committed 30720K, used 26602K [0x0000000703a00000, 0x0000000800000000)
  region size 2M, 1 eden (2M), 1 survivor (2M), 5 old (10M), 7 humongous (14M), 1 free (2M)
}
Event: 339.310 {heap After GC invocations=12 (full 0):
 garbage-first heap   total reserved 4134912K, committed 30720K, used 25222K [0x0000000703a00000, 0x0000000800000000)
  region size 2M, 0 eden (0M), 1 survivor (2M), 5 old (10M), 7 humongous (14M), 2 free (4M)
}
Event: 632.649 {heap Before GC invocations=12 (full 0):
 garbage-first heap   total reserved 4134912K, committed 30720K, used 27270K [0x0000000703a00000, 0x0000000800000000)
  region size 2M, 1 eden (2M), 1 survivor (2M), 5 old (10M), 7 humongous (14M), 1 free (2M)
}
Event: 632.651 {heap After GC invocations=13 (full 0):
 garbage-first heap   total reserved 4134912K, committed 32768K, used 26062K [0x0000000703a00000, 0x0000000800000000)
  region size 2M, 0 eden (0M), 1 survivor (2M), 5 old (10M), 7 humongous (14M), 3 free (6M)
}
Event: 882.966 {heap Before GC invocations=13 (full 0):
 garbage-first heap   total reserved 4134912K, committed 32768K, used 26062K [0x0000000703a00000, 0x0000000800000000)
  region size 2M, 1 eden (2M), 1 survivor (2M), 5 old (10M), 7 humongous (14M), 2 free (4M)
}
Event: 882.968 {heap After GC invocations=14 (full 0):
 garbage-first heap   total reserved 4134912K, committed 32768K, used 25690K [0x0000000703a00000, 0x0000000800000000)
  region size 2M, 0 eden (0M), 1 survivor (2M), 6 old (12M), 7 humongous (14M), 2 free (4M)
}

